Jan 01 13:29:38 Updated: libquadmath-4.8.5-16.el7_4.1.x86_64
Jan 01 13:29:39 Updated: libgcc-4.8.5-16.el7_4.1.x86_64
Jan 01 13:29:39 Updated: libstdc++-4.8.5-16.el7_4.1.x86_64
Jan 01 13:29:41 Updated: libstdc++-devel-4.8.5-16.el7_4.1.x86_64
Jan 01 13:29:42 Updated: libgfortran-4.8.5-16.el7_4.1.x86_64
Jan 01 13:29:44 Updated: cpp-4.8.5-16.el7_4.1.x86_64
Jan 01 13:29:44 Updated: libgomp-4.8.5-16.el7_4.1.x86_64
Jan 01 13:29:48 Updated: gcc-4.8.5-16.el7_4.1.x86_64
Jan 01 13:29:50 Updated: libquadmath-devel-4.8.5-16.el7_4.1.x86_64
Jan 01 13:29:51 Updated: gcc-gfortran-4.8.5-16.el7_4.1.x86_64
Jan 01 13:29:53 Updated: gcc-c++-4.8.5-16.el7_4.1.x86_64
Jan 01 13:37:35 Installed: libxml++-2.37.1-1.el7.x86_64
Jan 01 13:37:36 Installed: libffado-2.1.0-4.el7.x86_64
Jan 01 13:37:37 Installed: jack-audio-connection-kit-1.9.9.5-6.el7.x86_64
Jan 01 13:37:38 Installed: portaudio-19-16.el7.x86_64
Jan 01 13:38:22 Installed: alsa-lib-devel-1.1.3-3.el7.x86_64
Jan 01 13:38:22 Installed: portaudio-devel-19-16.el7.x86_64
Jan 01 23:11:55 Installed: mpg123-libs-1.25.6-1.el7.x86_64
Jan 01 23:11:56 Installed: mpg123-1.25.6-1.el7.x86_64
Jan 03 13:39:14 Erased: docker-ce-17.09.0.ce-1.el7.centos.x86_64
Jan 03 13:39:15 Erased: 2:container-selinux-2.28-1.git85ce147.el7.noarch
Jan 03 13:50:38 Installed: 2:container-selinux-2.33-1.git86f33cd.el7.noarch
Jan 03 13:50:43 Installed: docker-ce-17.12.0.ce-1.el7.centos.x86_64
Jan 03 17:44:34 Installed: pcp-conf-3.11.8-7.el7.x86_64
Jan 03 17:44:35 Installed: pcp-libs-3.11.8-7.el7.x86_64
Jan 03 17:44:36 Installed: pcp-pmda-nvidia-gpu-3.11.8-7.el7.x86_64
Jan 08 15:39:25 Installed: enca-1.18-1.el7.x86_64
Jan 08 15:39:26 Installed: libvdpau-1.1.1-3.el7.x86_64
Jan 08 15:39:26 Installed: netembryo-0.1.1-5.el7.nux.x86_64
Jan 08 15:39:27 Installed: libnemesi-0.7.0-0.5.20110215git.el7.nux.x86_64
Jan 08 15:39:27 Installed: librtmp-2.4-2.20131205.gitdc76f0a.el7.nux.x86_64
Jan 08 15:39:28 Installed: libbs2b-3.1.0-13.el7.x86_64
Jan 08 15:39:29 Installed: mplayer-common-1.1-33.20150505svn.el7.nux.x86_64
Jan 08 15:39:30 Installed: mplayer-1.1-33.20150505svn.el7.nux.x86_64
Jan 08 15:41:52 Installed: kernel-3.10.0-693.11.6.el7.x86_64
Jan 08 15:49:39 Updated: 1:grub2-common-2.02-0.65.el7.centos.2.noarch
Jan 08 15:49:39 Updated: ipa-common-4.5.0-22.el7.centos.noarch
Jan 08 15:49:40 Updated: ipa-client-common-4.5.0-22.el7.centos.noarch
Jan 08 15:49:40 Updated: 32:bind-license-9.9.4-51.el7_4.1.noarch
Jan 08 15:49:41 Updated: python-sssdconfig-1.15.2-50.el7_4.8.noarch
Jan 08 15:49:42 Updated: 1:grub2-pc-modules-2.02-0.65.el7.centos.2.noarch
Jan 08 15:49:46 Updated: kernel-headers-3.10.0-693.11.6.el7.x86_64
Jan 08 15:49:49 Updated: chromium-common-61.0.3163.100-1.el7.x86_64
Jan 08 15:49:49 Updated: selinux-policy-3.13.1-166.el7_4.7.noarch
Jan 08 15:49:50 Updated: copy-jdk-configs-2.2-5.el7_4.noarch
Jan 08 15:49:51 Updated: tzdata-2017c-1.el7.noarch
Jan 08 15:50:02 Updated: glibc-common-2.17-196.el7_4.2.x86_64
Jan 08 15:50:04 Updated: glibc-2.17-196.el7_4.2.x86_64
Jan 08 15:50:05 Updated: systemd-libs-219-42.el7_4.4.x86_64
Jan 08 15:50:06 Updated: libuuid-2.23.2-43.el7_4.2.x86_64
Jan 08 15:50:06 Updated: libsss_idmap-1.15.2-50.el7_4.8.x86_64
Jan 08 15:50:07 Updated: libblkid-2.23.2-43.el7_4.2.x86_64
Jan 08 15:50:07 Updated: libmount-2.23.2-43.el7_4.2.x86_64
Jan 08 15:50:09 Updated: util-linux-2.23.2-43.el7_4.2.x86_64
Jan 08 15:50:10 Updated: cryptsetup-libs-1.7.4-3.el7_4.1.x86_64
Jan 08 15:50:10 Updated: python36u-3.6.4-1.ius.centos7.x86_64
Jan 08 15:50:18 Updated: python36u-libs-3.6.4-1.ius.centos7.x86_64
Jan 08 15:50:18 Installed: 1:grub2-tools-minimal-2.02-0.65.el7.centos.2.x86_64
Jan 08 15:50:19 Updated: openssh-7.4p1-13.el7_4.x86_64
Jan 08 15:50:20 Updated: libsss_autofs-1.15.2-50.el7_4.8.x86_64
Jan 08 15:50:21 Updated: 1:qt-4.8.5-15.el7_4.x86_64
Jan 08 15:50:24 Updated: webkitgtk4-jsc-2.14.7-3.el7.x86_64
Jan 08 15:50:32 Updated: webkitgtk4-2.14.7-3.el7.x86_64
Jan 08 15:50:34 Updated: webkitgtk4-plugin-process-gtk2-2.14.7-3.el7.x86_64
Jan 08 15:50:34 Updated: libipa_hbac-1.15.2-50.el7_4.8.x86_64
Jan 08 15:50:35 Updated: python-libipa_hbac-1.15.2-50.el7_4.8.x86_64
Jan 08 15:50:35 Updated: openssh-clients-7.4p1-13.el7_4.x86_64
Jan 08 15:50:36 Updated: wget-1.14-15.el7_4.1.x86_64
Jan 08 15:50:37 Updated: libgudev1-219-42.el7_4.4.x86_64
Jan 08 15:50:37 Updated: python-sss-murmur-1.15.2-50.el7_4.8.x86_64
Jan 08 15:50:38 Updated: python2-cryptography-1.7.2-1.el7_4.1.x86_64
Jan 08 15:50:40 Updated: python2-ipalib-4.5.0-22.el7.centos.noarch
Jan 08 15:50:42 Updated: python2-ipaclient-4.5.0-22.el7.centos.noarch
Jan 08 15:50:43 Updated: libsss_sudo-1.15.2-50.el7_4.8.x86_64
Jan 08 15:50:45 Updated: nss-3.28.4-15.el7_4.x86_64
Jan 08 15:50:46 Updated: nss-sysinit-3.28.4-15.el7_4.x86_64
Jan 08 15:50:46 Updated: libsss_certmap-1.15.2-50.el7_4.8.x86_64
Jan 08 15:50:47 Updated: libcurl-7.29.0-42.el7_4.1.x86_64
Jan 08 15:50:48 Updated: 1:NetworkManager-libnm-1.8.0-11.el7_4.x86_64
Jan 08 15:50:49 Updated: chromium-libs-media-61.0.3163.100-1.el7.x86_64
Jan 08 15:51:00 Updated: chromium-libs-61.0.3163.100-1.el7.x86_64
Jan 08 15:51:01 Updated: curl-7.29.0-42.el7_4.1.x86_64
Jan 08 15:51:02 Updated: systemtap-runtime-3.1-4.el7_4.x86_64
Jan 08 15:51:03 Updated: nss-tools-3.28.4-15.el7_4.x86_64
Jan 08 15:51:03 Updated: kernel-tools-libs-3.10.0-693.11.6.el7.x86_64
Jan 08 15:51:04 Updated: glibc-headers-2.17-196.el7_4.2.x86_64
Jan 08 15:51:05 Updated: python-gobject-base-3.22.0-1.el7_4.1.x86_64
Jan 08 15:51:06 Updated: libsss_nss_idmap-1.15.2-50.el7_4.8.x86_64
Jan 08 15:51:07 Updated: sssd-client-1.15.2-50.el7_4.8.x86_64
Jan 08 15:51:07 Updated: python2-psutil-2.2.1-3.el7.x86_64
Jan 08 15:51:08 Updated: 32:bind-libs-9.9.4-51.el7_4.1.x86_64
Jan 08 15:51:09 Updated: 32:bind-utils-9.9.4-51.el7_4.1.x86_64
Jan 08 15:51:09 Updated: kmod-libs-20-15.el7_4.6.x86_64
Jan 08 15:51:10 Updated: kmod-20-15.el7_4.6.x86_64
Jan 08 15:51:16 Updated: systemd-219-42.el7_4.4.x86_64
Jan 08 15:51:18 Updated: dracut-033-502.el7_4.1.x86_64
Jan 08 15:51:18 Updated: samba-common-4.6.2-12.el7_4.noarch
Jan 08 15:51:21 Updated: samba-client-libs-4.6.2-12.el7_4.x86_64
Jan 08 15:51:22 Updated: libwbclient-4.6.2-12.el7_4.x86_64
Jan 08 15:51:23 Updated: sssd-common-1.15.2-50.el7_4.8.x86_64
Jan 08 15:51:23 Updated: sssd-krb5-common-1.15.2-50.el7_4.8.x86_64
Jan 08 15:51:29 Updated: sssd-common-pac-1.15.2-50.el7_4.8.x86_64
Jan 08 15:51:29 Updated: libsmbclient-4.6.2-12.el7_4.x86_64
Jan 08 15:51:30 Installed: 1:grub2-tools-2.02-0.65.el7.centos.2.x86_64
Jan 08 15:51:31 Updated: libstoragemgmt-python-1.4.0-5.el7_4.noarch
Jan 08 15:51:32 Updated: libstoragemgmt-1.4.0-5.el7_4.x86_64
Jan 08 15:51:32 Updated: libstoragemgmt-python-clibs-1.4.0-5.el7_4.x86_64
Jan 08 15:51:32 Updated: systemd-sysv-219-42.el7_4.4.x86_64
Jan 08 15:51:33 Updated: 1:wpa_supplicant-2.6-5.el7_4.1.x86_64
Jan 08 15:51:34 Updated: 1:NetworkManager-1.8.0-11.el7_4.x86_64
Jan 08 15:51:35 Updated: 1:NetworkManager-wwan-1.8.0-11.el7_4.x86_64
Jan 08 15:51:36 Updated: 1:autofs-5.0.7-70.el7_4.1.x86_64
Jan 08 15:51:37 Installed: 1:grub2-tools-extra-2.02-0.65.el7.centos.2.x86_64
Jan 08 15:51:37 Updated: 1:grub2-pc-2.02-0.65.el7.centos.2.x86_64
Jan 08 15:51:38 Updated: sssd-ad-1.15.2-50.el7_4.8.x86_64
Jan 08 15:51:38 Updated: sssd-ipa-1.15.2-50.el7_4.8.x86_64
Jan 08 15:51:39 Updated: sssd-ldap-1.15.2-50.el7_4.8.x86_64
Jan 08 15:51:40 Updated: sssd-krb5-1.15.2-50.el7_4.8.x86_64
Jan 08 15:51:40 Updated: sssd-proxy-1.15.2-50.el7_4.8.x86_64
Jan 08 15:51:40 Updated: sssd-1.15.2-50.el7_4.8.x86_64
Jan 08 15:51:41 Updated: samba-common-libs-4.6.2-12.el7_4.x86_64
Jan 08 15:51:42 Updated: dracut-network-033-502.el7_4.1.x86_64
Jan 08 15:51:43 Updated: accountsservice-0.6.45-3.el7_4.1.x86_64
Jan 08 15:51:46 Updated: 1:nfs-utils-1.3.0-0.48.el7_4.x86_64
Jan 08 15:52:06 Installed: kernel-devel-3.10.0-693.11.6.el7.x86_64
Jan 08 15:52:08 Updated: systemtap-devel-3.1-4.el7_4.x86_64
Jan 08 15:52:11 Updated: systemtap-client-3.1-4.el7_4.x86_64
Jan 08 15:52:11 Updated: tigervnc-license-1.8.0-2.el7_4.noarch
Jan 08 15:52:11 Updated: 1:nginx-filesystem-1.12.2-1.el7.noarch
Jan 08 15:52:12 Updated: 1:nginx-mod-http-image-filter-1.12.2-1.el7.x86_64
Jan 08 15:52:12 Updated: 1:nginx-mod-http-xslt-filter-1.12.2-1.el7.x86_64
Jan 08 15:52:14 Updated: 1:nginx-mod-http-perl-1.12.2-1.el7.x86_64
Jan 08 15:52:15 Updated: 1:nginx-mod-mail-1.12.2-1.el7.x86_64
Jan 08 15:52:15 Updated: 1:nginx-mod-http-geoip-1.12.2-1.el7.x86_64
Jan 08 15:52:15 Updated: 1:nginx-all-modules-1.12.2-1.el7.noarch
Jan 08 15:52:16 Updated: 1:nginx-1.12.2-1.el7.x86_64
Jan 08 15:52:17 Updated: 1:nginx-mod-stream-1.12.2-1.el7.x86_64
Jan 08 15:52:18 Updated: tzdata-java-2017c-1.el7.noarch
Jan 08 15:52:32 Updated: 1:java-1.7.0-openjdk-headless-1.7.0.161-2.6.12.0.el7_4.x86_64
Jan 08 15:52:33 Updated: tigervnc-server-minimal-1.8.0-2.el7_4.x86_64
Jan 08 15:52:34 Updated: systemtap-3.1-4.el7_4.x86_64
Jan 08 15:52:34 Updated: ipa-client-4.5.0-22.el7.centos.x86_64
Jan 08 15:52:35 Updated: accountsservice-libs-0.6.45-3.el7_4.1.x86_64
Jan 08 15:52:36 Updated: kexec-tools-2.0.14-17.2.el7.x86_64
Jan 08 15:52:37 Updated: samba-client-4.6.2-12.el7_4.x86_64
Jan 08 15:52:37 Installed: 1:grub2-2.02-0.65.el7.centos.2.x86_64
Jan 08 15:52:38 Updated: 1:NetworkManager-bluetooth-1.8.0-11.el7_4.x86_64
Jan 08 15:52:38 Updated: 1:NetworkManager-ppp-1.8.0-11.el7_4.x86_64
Jan 08 15:52:39 Updated: 1:NetworkManager-adsl-1.8.0-11.el7_4.x86_64
Jan 08 15:52:39 Updated: 1:NetworkManager-team-1.8.0-11.el7_4.x86_64
Jan 08 15:52:41 Updated: 1:NetworkManager-tui-1.8.0-11.el7_4.x86_64
Jan 08 15:52:43 Updated: 1:NetworkManager-wifi-1.8.0-11.el7_4.x86_64
Jan 08 15:52:44 Updated: samba-libs-4.6.2-12.el7_4.x86_64
Jan 08 15:52:44 Updated: dracut-config-rescue-033-502.el7_4.1.x86_64
Jan 08 15:52:44 Updated: systemd-python-219-42.el7_4.4.x86_64
Jan 08 15:52:48 Updated: chrome-remote-desktop-61.0.3163.100-1.el7.x86_64
Jan 08 15:52:49 Updated: openssh-server-7.4p1-13.el7_4.x86_64
Jan 08 15:52:50 Updated: 2:microcode_ctl-2.1-22.2.el7.x86_64
Jan 08 15:52:50 Updated: kpatch-0.4.0-2.el7_4.noarch
Jan 08 15:52:50 Updated: python-gobject-3.22.0-1.el7_4.1.x86_64
Jan 08 15:52:51 Updated: glibc-devel-2.17-196.el7_4.2.x86_64
Jan 08 15:52:52 Updated: kernel-tools-3.10.0-693.11.6.el7.x86_64
Jan 08 15:53:04 Updated: google-chrome-stable-63.0.3239.132-1.x86_64
Jan 08 15:53:14 Updated: thunderbird-52.5.0-1.el7.centos.x86_64
Jan 08 15:53:25 Updated: firefox-52.5.1-1.el7.centos.x86_64
Jan 08 15:53:26 Updated: 1:NetworkManager-glib-1.8.0-11.el7_4.x86_64
Jan 08 15:53:27 Updated: mutter-3.22.3-12.el7_4.x86_64
Jan 08 15:53:28 Updated: 1:qt-mysql-4.8.5-15.el7_4.x86_64
Jan 08 15:53:31 Updated: 1:qt-x11-4.8.5-15.el7_4.x86_64
Jan 08 15:53:33 Updated: python36u-devel-3.6.4-1.ius.centos7.x86_64
Jan 08 15:53:34 Updated: python36u-setuptools-36.6.0-1.ius.centos7.noarch
Jan 08 15:53:35 Updated: cryptsetup-1.7.4-3.el7_4.1.x86_64
Jan 08 15:53:35 Updated: cryptsetup-python-1.7.4-3.el7_4.1.x86_64
Jan 08 15:53:36 Updated: apr-1.4.8-3.el7_4.1.x86_64
Jan 08 15:53:37 Updated: augeas-libs-1.4.0-2.el7_4.2.x86_64
Jan 08 15:53:38 Updated: lame-libs-3.100-1.el7.x86_64
Jan 08 15:53:39 Updated: libpciaccess-0.13.4-3.1.el7_4.x86_64
Jan 08 15:53:39 Updated: python-perf-3.10.0-693.11.6.el7.x86_64
Jan 08 15:53:40 Updated: 32:bind-libs-lite-9.9.4-51.el7_4.1.x86_64
Jan 08 15:53:41 Updated: iptables-1.4.21-18.2.el7_4.x86_64
Jan 08 15:53:55 Updated: selinux-policy-targeted-3.13.1-166.el7_4.7.noarch
Jan 08 15:53:56 Updated: iwl3945-firmware-15.32.2.9-57.el7.noarch
Jan 08 15:53:56 Updated: iwl2030-firmware-18.168.6.1-57.el7.noarch
Jan 08 15:53:57 Updated: 1:iwl1000-firmware-39.31.5.1-57.el7.noarch
Jan 08 15:54:05 Updated: linux-firmware-20170606-57.gitc990aae.el7.noarch
Jan 08 15:54:06 Updated: iwl6000g2b-firmware-17.168.5.2-57.el7.noarch
Jan 08 15:54:07 Updated: iwl7265-firmware-22.0.7.0-57.el7.noarch
Jan 08 15:54:08 Updated: iwl6000g2a-firmware-17.168.5.3-57.el7.noarch
Jan 08 15:54:08 Updated: iwl6050-firmware-41.28.5.1-57.el7.noarch
Jan 08 15:54:08 Updated: iwl105-firmware-18.168.6.1-57.el7.noarch
Jan 08 15:54:09 Updated: iwl6000-firmware-9.221.4.1-57.el7.noarch
Jan 08 15:54:09 Updated: iwl135-firmware-18.168.6.1-57.el7.noarch
Jan 08 15:54:10 Updated: systemtap-sdt-devel-3.1-4.el7_4.x86_64
Jan 08 15:54:10 Updated: iwl4965-firmware-228.61.2.24-57.el7.noarch
Jan 08 15:54:11 Updated: iwl3160-firmware-22.0.7.0-57.el7.noarch
Jan 08 15:54:11 Updated: iwl2000-firmware-18.168.6.1-57.el7.noarch
Jan 08 15:54:12 Updated: iwl5150-firmware-8.24.2.2-57.el7.noarch
Jan 08 15:54:12 Updated: kernel-abi-whitelists-3.10.0-693.11.6.el7.noarch
Jan 08 15:54:13 Updated: iwl100-firmware-39.31.5.1-57.el7.noarch
Jan 08 15:54:15 Updated: iwl7260-firmware-22.0.7.0-57.el7.noarch
Jan 08 15:54:17 Updated: python2-future-0.16.0-6.el7.noarch
Jan 08 15:54:18 Updated: iwl5000-firmware-8.83.5.1_1-57.el7.noarch
Jan 08 15:54:18 Updated: epel-release-7-11.noarch
Jan 09 19:47:44 Installed: wxBase-2.8.12-20.el7.x86_64
Jan 09 19:47:46 Installed: wxGTK-2.8.12-20.el7.x86_64
Jan 09 19:47:46 Installed: libid3tag-0.15.1b-17.el7.x86_64
Jan 09 19:47:47 Installed: vamp-plugin-sdk-2.5-4.el7.x86_64
Jan 09 19:47:50 Installed: audacity-2.1.1-1.el7.x86_64
Jan 15 16:07:31 Installed: babl-0.1.10-9.el7.x86_64
Jan 15 16:07:32 Installed: libwmf-lite-0.2.8.4-41.el7_1.x86_64
Jan 15 16:07:33 Installed: libwmf-0.2.8.4-41.el7_1.x86_64
Jan 15 16:07:34 Installed: tbb-4.1-9.20130314.el7.x86_64
Jan 15 16:07:36 Installed: suitesparse-4.0.2-10.el7.x86_64
Jan 15 16:07:37 Installed: libspiro-20071029-12.el7.x86_64
Jan 15 16:07:39 Installed: 2:gimp-libs-2.8.16-3.el7.x86_64
Jan 15 16:07:40 Installed: dcraw-9.19-6.el7.x86_64
Jan 15 16:07:40 Installed: libopenraw-0.0.9-7.el7.x86_64
Jan 15 16:07:42 Installed: gegl-0.2.0-19.el7.x86_64
Jan 15 16:08:02 Installed: 2:gimp-2.8.16-3.el7.x86_64
Jan 31 22:25:22 Installed: yum-cron-3.4.3-154.el7.centos.1.noarch
Jan 31 22:33:06 Installed: libgcc-4.8.5-16.el7_4.1.i686
Jan 31 22:33:08 Installed: glibc-2.17-196.el7_4.2.i686
Jan 31 22:33:08 Installed: nss-softokn-freebl-3.28.3-8.el7_4.i686
Jan 31 22:33:09 Installed: zlib-1.2.7-17.el7.i686
Jan 31 22:33:09 Installed: freetype-2.4.11-15.el7.i686
Jan 31 22:33:10 Installed: libstdc++-4.8.5-16.el7_4.1.i686
Jan 31 22:33:11 Installed: expat-2.1.0-10.el7_3.i686
Jan 31 22:33:21 Installed: fontconfig-2.10.95-11.el7.i686
Jan 31 22:33:23 Installed: libjpeg-turbo-1.2.90-5.el7.i686
Jan 31 22:33:24 Installed: libcom_err-1.42.9-10.el7.i686
Jan 31 22:33:24 Installed: libuuid-2.23.2-43.el7_4.2.i686
Jan 31 22:33:25 Installed: pcre-8.32-17.el7.i686
Jan 31 22:33:25 Installed: 2:libpng-1.5.13-7.el7_2.i686
Jan 31 22:33:26 Installed: libICE-1.0.9-9.el7.i686
Jan 31 22:33:26 Installed: libxshmfence-1.2-1.el7.i686
Jan 31 22:33:27 Installed: libSM-1.2.2-2.el7.i686
Jan 31 22:33:27 Installed: libblkid-2.23.2-43.el7_4.2.i686
Jan 31 22:33:28 Installed: jasper-libs-1.900.1-31.el7.i686
Jan 31 22:33:28 Installed: graphite2-1.3.10-1.el7_3.i686
Jan 31 22:33:29 Installed: libsepol-2.5-6.el7.i686
Jan 31 22:33:29 Installed: libselinux-2.5-11.el7.i686
Jan 31 22:33:30 Installed: mesa-libglapi-17.0.1-6.20170307.el7.i686
Jan 31 22:33:30 Installed: libmount-2.23.2-43.el7_4.2.i686
Jan 31 22:33:31 Installed: libXau-1.0.8-2.1.el7.i686
Jan 31 22:33:31 Installed: libxcb-1.12-1.el7.i686
Jan 31 22:33:32 Installed: libX11-1.6.5-1.el7.i686
Jan 31 22:33:32 Installed: libXext-1.3.3-3.el7.i686
Jan 31 22:33:33 Installed: libXrender-0.9.10-1.el7.i686
Jan 31 22:33:33 Installed: libXfixes-5.0.3-1.el7.i686
Jan 31 22:33:34 Installed: libXdamage-1.1.4-4.1.el7.i686
Jan 31 22:33:34 Installed: libXcursor-1.1.14-8.el7.i686
Jan 31 22:33:35 Installed: libXrandr-1.5.1-2.el7.i686
Jan 31 22:33:35 Installed: libXft-2.3.2-2.el7.i686
Jan 31 22:33:36 Installed: libXinerama-1.1.3-2.1.el7.i686
Jan 31 22:33:36 Installed: libXi-1.7.9-1.el7.i686
Jan 31 22:33:37 Installed: libXxf86vm-1.1.4-1.el7.i686
Jan 31 22:33:38 Installed: libXcomposite-0.4.4-4.1.el7.i686
Jan 31 22:33:39 Installed: libXt-1.1.5-3.el7.i686
Jan 31 22:33:39 Installed: libverto-0.2.5-4.el7.i686
Jan 31 22:33:40 Installed: xz-libs-5.2.2-1.el7.i686
Jan 31 22:33:40 Installed: libxml2-2.9.1-6.el7_2.3.i686
Jan 31 22:33:41 Installed: libcap-ng-0.7.5-4.el7.i686
Jan 31 22:33:41 Installed: audit-libs-2.7.6-3.el7.i686
Jan 31 22:33:42 Installed: libffi-3.0.13-18.el7.i686
Jan 31 22:33:44 Installed: glib2-2.50.3-3.el7.i686
Jan 31 22:33:45 Installed: atk-2.22.0-3.el7.i686
Jan 31 22:33:46 Installed: harfbuzz-1.3.2-1.el7.i686
Jan 31 22:33:46 Installed: pixman-0.34.0-1.el7.i686
Jan 31 22:33:47 Installed: libpciaccess-0.13.4-3.1.el7_4.i686
Jan 31 22:33:48 Installed: libdrm-2.4.74-1.el7.i686
Jan 31 22:33:48 Installed: mesa-libGL-17.0.1-6.20170307.el7.i686
Jan 31 22:33:49 Installed: mesa-libGLU-9.0.0-4.el7.i686
Jan 31 22:33:49 Installed: mesa-libgbm-17.0.1-6.20170307.el7.i686
Jan 31 22:33:50 Installed: mesa-libEGL-17.0.1-6.20170307.el7.i686
Jan 31 22:33:50 Installed: cairo-1.14.8-2.el7.i686
Jan 31 22:33:53 Installed: keyutils-libs-1.5.8-3.el7.i686
Jan 31 22:33:54 Installed: 1:openssl-libs-1.0.2k-8.el7.i686
Jan 31 22:33:55 Installed: krb5-libs-1.15.1-8.el7.i686
Jan 31 22:33:55 Installed: 1:dbus-libs-1.6.12-17.el7.i686
Jan 31 22:33:56 Installed: avahi-libs-0.6.31-17.el7.i686
Jan 31 22:33:56 Installed: 1:cups-libs-1.6.3-29.el7.i686
Jan 31 22:33:57 Installed: libidn-1.28-4.el7.i686
Jan 31 22:33:58 Installed: jbigkit-libs-2.0-11.el7.i686
Jan 31 22:33:59 Installed: libtiff-4.0.3-27.el7_3.i686
Jan 31 22:34:00 Installed: gdk-pixbuf2-2.36.5-1.el7.i686
Jan 31 22:34:00 Installed: libthai-0.1.14-9.el7.i686
Jan 31 22:34:01 Installed: pango-1.40.4-1.el7.i686
Jan 31 22:34:02 Installed: pangox-compat-0.0.2-2.el7.i686
Jan 31 22:34:04 Installed: gtk2-2.24.31-1.el7.i686
Jan 31 22:34:44 Installed: AdobeReader_enu-9.5.5-1.i486
Feb 18 13:26:57 Installed: ddrescue-1.22-1.el7.x86_64
Feb 18 13:28:16 Installed: hdparm-9.43-5.el7.x86_64
Feb 20 08:51:33 Updated: kernel-tools-libs-3.10.0-693.17.1.el7.x86_64
Feb 20 08:51:36 Updated: kernel-tools-3.10.0-693.17.1.el7.x86_64
Feb 20 08:51:51 Updated: kernel-headers-3.10.0-693.17.1.el7.x86_64
Feb 20 08:52:17 Installed: kernel-3.10.0-693.17.1.el7.x86_64
Feb 20 08:53:42 Installed: kernel-devel-3.10.0-693.17.1.el7.x86_64
Feb 20 08:53:43 Updated: kernel-abi-whitelists-3.10.0-693.17.1.el7.noarch
Feb 20 09:00:24 Updated: python-perf-3.10.0-693.17.1.el7.x86_64
Feb 20 09:01:08 Installed: perf-3.10.0-693.17.1.el7.x86_64
Feb 20 15:31:32 Erased: docker-ce-17.12.0.ce-1.el7.centos.x86_64
Feb 20 15:31:34 Erased: 2:container-selinux-2.33-1.git86f33cd.el7.noarch
Feb 20 15:33:44 Updated: device-mapper-persistent-data-0.7.0-0.1.rc6.el7_4.1.x86_64
Feb 20 15:38:42 Installed: pigz-2.3.4-1.el7.x86_64
Feb 20 15:39:05 Installed: 2:container-selinux-2.36-1.gitff95335.el7.noarch
Feb 20 15:39:11 Installed: docker-ce-18.02.0.ce-1.el7.centos.x86_64
Feb 21 13:30:53 Installed: qt5-qtbase-5.6.2-1.el7.x86_64
Feb 21 13:30:53 Installed: qt5-qtbase-common-5.6.2-1.el7.noarch
Feb 21 13:30:54 Installed: qt5-qtxmlpatterns-5.6.2-1.el7.x86_64
Feb 21 13:30:55 Installed: xcb-util-renderutil-0.3.9-3.el7.x86_64
Feb 21 13:30:55 Installed: xcb-util-wm-0.4.1-5.el7.x86_64
Feb 21 13:30:57 Installed: qt5-qtbase-gui-5.6.2-1.el7.x86_64
Feb 21 13:31:00 Installed: qt5-qtdeclarative-5.6.2-1.el7.x86_64
Feb 21 13:31:02 Installed: qt5-qtgraphicaleffects-5.6.2-1.el7.x86_64
Feb 21 13:31:04 Installed: qt5-qtlocation-5.6.2-1.el7.x86_64
Feb 21 13:31:05 Installed: qt5-qtsensors-5.6.2-1.el7.x86_64
Feb 21 13:31:06 Installed: qt5-qtwebchannel-5.6.2-1.el7.x86_64
Feb 21 13:31:08 Installed: qt5-qtwebkit-5.6.2-1.el7.x86_64
Feb 21 13:31:09 Installed: qt5-qtquickcontrols-5.6.2-1.el7.x86_64
Feb 21 13:31:10 Installed: qt5-qtx11extras-5.6.2-1.el7.x86_64
Feb 21 13:31:19 Installed: teamviewer-13.0.9865-0.x86_64
Mar 22 12:26:31 Installed: jenkins-2.107.1-1.1.noarch
Mar 22 13:36:56 Erased: jenkins-2.107.1-1.1.noarch
Mar 22 13:38:20 Installed: jenkins-2.107.1-1.1.noarch
Apr 18 11:25:43 Installed: fltk-1.3.4-1.el7.x86_64
Apr 18 11:25:44 Installed: tigervnc-icons-1.8.0-2.el7_4.noarch
Apr 18 11:25:46 Installed: tigervnc-1.8.0-2.el7_4.x86_64
