2019-12-13 18:28:27,348 - lleidalogger - INFO:149 - Application Initialized
2019-12-13 18:28:27,348 - lleidalogger - INFO:149 - Application Initialized
2019-12-13 18:28:27,348 - lleidalogger - INFO:150 - All tasks are started
2019-12-13 18:28:27,348 - lleidalogger - INFO:150 - All tasks are started
2019-12-13 18:28:27,364 - lleidalogger - INFO:22 - database connection initialized
2019-12-13 18:28:27,364 - lleidalogger - INFO:22 - database connection initialized
2019-12-13 18:28:27,375 - lleidalogger - INFO:25 - database connection established
2019-12-13 18:28:27,375 - lleidalogger - INFO:25 - database connection established
2019-12-13 18:28:27,375 - lleidalogger - INFO:122 - get_list_pdf started
2019-12-13 18:28:27,375 - lleidalogger - INFO:122 - get_list_pdf started
2019-12-13 18:28:27,408 - urllib3.connectionpool - DEBUG:824 - Starting new HTTPS connection (1): tsa.lleida.net
2019-12-13 18:28:43,297 - urllib3.connectionpool - DEBUG:396 - https://tsa.lleida.net:443 "POST /cgi-bin/mailcertapi.cgi HTTP/1.1" 200 2257
2019-12-13 18:28:43,306 - lleidalogger - INFO:124 - get_list_pdf Completed
2019-12-13 18:28:43,306 - lleidalogger - INFO:124 - get_list_pdf Completed
2019-12-13 18:28:43,306 - lleidalogger - INFO:32 - tbl_event_record_insert started
2019-12-13 18:28:43,306 - lleidalogger - INFO:32 - tbl_event_record_insert started
2019-12-13 18:28:43,340 - lleidalogger - INFO:37 - tbl_event_record query completed.
2019-12-13 18:28:43,340 - lleidalogger - INFO:37 - tbl_event_record query completed.
2019-12-13 18:28:43,430 - lleidalogger - INFO:53 - xml list_pdf mail_id details are inserted into table
2019-12-13 18:28:43,430 - lleidalogger - INFO:53 - xml list_pdf mail_id details are inserted into table
2019-12-13 18:28:43,430 - lleidalogger - INFO:57 - tbl_event_record_insert completed
2019-12-13 18:28:43,430 - lleidalogger - INFO:57 - tbl_event_record_insert completed
2019-12-13 18:28:43,430 - lleidalogger - INFO:61 - tbl_cert_generate started
2019-12-13 18:28:43,430 - lleidalogger - INFO:61 - tbl_cert_generate started
2019-12-13 18:28:43,432 - lleidalogger - INFO:66 - filter of table query only non cert generated record done
2019-12-13 18:28:43,432 - lleidalogger - INFO:66 - filter of table query only non cert generated record done
2019-12-13 18:28:43,432 - lleidalogger - INFO:69 - Mail_id 29040513 is processing
2019-12-13 18:28:43,432 - lleidalogger - INFO:69 - Mail_id 29040513 is processing
2019-12-13 18:28:43,443 - urllib3.connectionpool - DEBUG:824 - Starting new HTTPS connection (1): tsa.lleida.net
2019-12-13 18:28:44,952 - urllib3.connectionpool - DEBUG:396 - https://tsa.lleida.net:443 "POST /cgi-bin/mailcertapi.cgi HTTP/1.1" 200 627
2019-12-13 18:28:44,954 - lleidalogger - INFO:74 - file id 18988752 is found
2019-12-13 18:28:44,954 - lleidalogger - INFO:74 - file id 18988752 is found
2019-12-13 18:28:44,959 - urllib3.connectionpool - DEBUG:824 - Starting new HTTPS connection (1): tsa.lleida.net
2019-12-13 18:28:47,024 - urllib3.connectionpool - DEBUG:396 - https://tsa.lleida.net:443 "POST /cgi-bin/mailcertapi.cgi HTTP/1.1" 200 None
2019-12-13 18:28:48,269 - lleidalogger - INFO:76 - {'action': 'download_pdf', 'status': 100, 'msg': 'success', 'file': '/sites/narporul/evidences/certificates/.pdf'}
2019-12-13 18:28:48,269 - lleidalogger - INFO:76 - {'action': 'download_pdf', 'status': 100, 'msg': 'success', 'file': '/sites/narporul/evidences/certificates/.pdf'}
2019-12-13 18:28:48,269 - lleidalogger - INFO:77 - pdf downloaded
2019-12-13 18:28:48,269 - lleidalogger - INFO:77 - pdf downloaded
2019-12-13 18:28:48,348 - lleidalogger - INFO:80 - updated event record table with is_cert_processed as completed
2019-12-13 18:28:48,348 - lleidalogger - INFO:80 - updated event record table with is_cert_processed as completed
2019-12-13 18:28:48,348 - lleidalogger - INFO:69 - Mail_id 29242176 is processing
2019-12-13 18:28:48,348 - lleidalogger - INFO:69 - Mail_id 29242176 is processing
2019-12-13 18:28:48,359 - urllib3.connectionpool - DEBUG:824 - Starting new HTTPS connection (1): tsa.lleida.net
2019-12-13 18:28:50,389 - urllib3.connectionpool - DEBUG:396 - https://tsa.lleida.net:443 "POST /cgi-bin/mailcertapi.cgi HTTP/1.1" 200 670
2019-12-13 18:28:50,391 - lleidalogger - INFO:74 - file id 19145496 is found
2019-12-13 18:28:50,391 - lleidalogger - INFO:74 - file id 19145496 is found
2019-12-13 18:28:50,394 - urllib3.connectionpool - DEBUG:824 - Starting new HTTPS connection (1): tsa.lleida.net
2019-12-13 18:28:51,791 - urllib3.connectionpool - DEBUG:396 - https://tsa.lleida.net:443 "POST /cgi-bin/mailcertapi.cgi HTTP/1.1" 200 None
2019-12-13 18:28:55,023 - lleidalogger - INFO:76 - {'action': 'download_pdf', 'status': 100, 'msg': 'success', 'file': '/sites/narporul/evidences/certificates/1212.pdf'}
2019-12-13 18:28:55,023 - lleidalogger - INFO:76 - {'action': 'download_pdf', 'status': 100, 'msg': 'success', 'file': '/sites/narporul/evidences/certificates/1212.pdf'}
2019-12-13 18:28:55,023 - lleidalogger - INFO:77 - pdf downloaded
2019-12-13 18:28:55,023 - lleidalogger - INFO:77 - pdf downloaded
2019-12-13 18:28:55,061 - lleidalogger - INFO:80 - updated event record table with is_cert_processed as completed
2019-12-13 18:28:55,061 - lleidalogger - INFO:80 - updated event record table with is_cert_processed as completed
2019-12-13 18:28:55,061 - lleidalogger - INFO:69 - Mail_id 29243658 is processing
2019-12-13 18:28:55,061 - lleidalogger - INFO:69 - Mail_id 29243658 is processing
2019-12-13 18:28:55,078 - urllib3.connectionpool - DEBUG:824 - Starting new HTTPS connection (1): tsa.lleida.net
2019-12-13 18:28:57,090 - urllib3.connectionpool - DEBUG:396 - https://tsa.lleida.net:443 "POST /cgi-bin/mailcertapi.cgi HTTP/1.1" 200 650
2019-12-13 18:28:57,093 - lleidalogger - INFO:74 - file id 19146633 is found
2019-12-13 18:28:57,093 - lleidalogger - INFO:74 - file id 19146633 is found
2019-12-13 18:28:57,097 - urllib3.connectionpool - DEBUG:824 - Starting new HTTPS connection (1): tsa.lleida.net
2019-12-13 18:28:59,099 - urllib3.connectionpool - DEBUG:396 - https://tsa.lleida.net:443 "POST /cgi-bin/mailcertapi.cgi HTTP/1.1" 200 None
2019-12-13 18:29:01,335 - lleidalogger - INFO:76 - {'action': 'download_pdf', 'status': 100, 'msg': 'success', 'file': '/sites/narporul/evidences/certificates/1212.pdf'}
2019-12-13 18:29:01,335 - lleidalogger - INFO:76 - {'action': 'download_pdf', 'status': 100, 'msg': 'success', 'file': '/sites/narporul/evidences/certificates/1212.pdf'}
2019-12-13 18:29:01,335 - lleidalogger - INFO:77 - pdf downloaded
2019-12-13 18:29:01,335 - lleidalogger - INFO:77 - pdf downloaded
2019-12-13 18:29:01,394 - lleidalogger - INFO:80 - updated event record table with is_cert_processed as completed
2019-12-13 18:29:01,394 - lleidalogger - INFO:80 - updated event record table with is_cert_processed as completed
2019-12-13 18:29:01,394 - lleidalogger - INFO:69 - Mail_id 29243659 is processing
2019-12-13 18:29:01,394 - lleidalogger - INFO:69 - Mail_id 29243659 is processing
2019-12-13 18:29:01,420 - urllib3.connectionpool - DEBUG:824 - Starting new HTTPS connection (1): tsa.lleida.net
2019-12-13 18:29:04,225 - urllib3.connectionpool - DEBUG:396 - https://tsa.lleida.net:443 "POST /cgi-bin/mailcertapi.cgi HTTP/1.1" 200 687
2019-12-13 18:29:04,230 - lleidalogger - INFO:74 - file id 19146634 is found
2019-12-13 18:29:04,230 - lleidalogger - INFO:74 - file id 19146634 is found
2019-12-13 18:29:04,237 - urllib3.connectionpool - DEBUG:824 - Starting new HTTPS connection (1): tsa.lleida.net
2019-12-13 18:29:05,785 - urllib3.connectionpool - DEBUG:396 - https://tsa.lleida.net:443 "POST /cgi-bin/mailcertapi.cgi HTTP/1.1" 200 None
2019-12-13 18:29:07,262 - lleidalogger - INFO:76 - {'action': 'download_pdf', 'status': 100, 'msg': 'success', 'file': '/sites/narporul/evidences/certificates/1212.pdf'}
2019-12-13 18:29:07,262 - lleidalogger - INFO:76 - {'action': 'download_pdf', 'status': 100, 'msg': 'success', 'file': '/sites/narporul/evidences/certificates/1212.pdf'}
2019-12-13 18:29:07,263 - lleidalogger - INFO:77 - pdf downloaded
2019-12-13 18:29:07,263 - lleidalogger - INFO:77 - pdf downloaded
2019-12-13 18:29:07,448 - lleidalogger - INFO:80 - updated event record table with is_cert_processed as completed
2019-12-13 18:29:07,448 - lleidalogger - INFO:80 - updated event record table with is_cert_processed as completed
2019-12-13 18:29:07,448 - lleidalogger - INFO:69 - Mail_id 29265105 is processing
2019-12-13 18:29:07,448 - lleidalogger - INFO:69 - Mail_id 29265105 is processing
2019-12-13 18:29:07,463 - urllib3.connectionpool - DEBUG:824 - Starting new HTTPS connection (1): tsa.lleida.net
2019-12-13 18:29:09,223 - urllib3.connectionpool - DEBUG:396 - https://tsa.lleida.net:443 "POST /cgi-bin/mailcertapi.cgi HTTP/1.1" 200 671
2019-12-13 18:29:09,225 - lleidalogger - INFO:74 - file id 19165967 is found
2019-12-13 18:29:09,225 - lleidalogger - INFO:74 - file id 19165967 is found
2019-12-13 18:29:09,228 - urllib3.connectionpool - DEBUG:824 - Starting new HTTPS connection (1): tsa.lleida.net
2019-12-13 18:29:11,431 - urllib3.connectionpool - DEBUG:396 - https://tsa.lleida.net:443 "POST /cgi-bin/mailcertapi.cgi HTTP/1.1" 200 None
2019-12-13 18:29:14,051 - lleidalogger - INFO:76 - {'action': 'download_pdf', 'status': 100, 'msg': 'success', 'file': '/sites/narporul/evidences/certificates/1212.pdf'}
2019-12-13 18:29:14,051 - lleidalogger - INFO:76 - {'action': 'download_pdf', 'status': 100, 'msg': 'success', 'file': '/sites/narporul/evidences/certificates/1212.pdf'}
2019-12-13 18:29:14,051 - lleidalogger - INFO:77 - pdf downloaded
2019-12-13 18:29:14,051 - lleidalogger - INFO:77 - pdf downloaded
2019-12-13 18:29:14,094 - lleidalogger - INFO:80 - updated event record table with is_cert_processed as completed
2019-12-13 18:29:14,094 - lleidalogger - INFO:80 - updated event record table with is_cert_processed as completed
2019-12-13 18:29:14,095 - lleidalogger - INFO:69 - Mail_id 29270564 is processing
2019-12-13 18:29:14,095 - lleidalogger - INFO:69 - Mail_id 29270564 is processing
2019-12-13 18:29:14,103 - urllib3.connectionpool - DEBUG:824 - Starting new HTTPS connection (1): tsa.lleida.net
2019-12-13 18:29:15,736 - urllib3.connectionpool - DEBUG:396 - https://tsa.lleida.net:443 "POST /cgi-bin/mailcertapi.cgi HTTP/1.1" 200 671
2019-12-13 18:29:15,741 - lleidalogger - INFO:74 - file id 19169975 is found
2019-12-13 18:29:15,741 - lleidalogger - INFO:74 - file id 19169975 is found
2019-12-13 18:29:15,744 - urllib3.connectionpool - DEBUG:824 - Starting new HTTPS connection (1): tsa.lleida.net
2019-12-13 18:29:17,002 - urllib3.connectionpool - DEBUG:396 - https://tsa.lleida.net:443 "POST /cgi-bin/mailcertapi.cgi HTTP/1.1" 200 None
2019-12-13 18:29:20,031 - lleidalogger - INFO:76 - {'action': 'download_pdf', 'status': 100, 'msg': 'success', 'file': '/sites/narporul/evidences/certificates/1213.pdf'}
2019-12-13 18:29:20,031 - lleidalogger - INFO:76 - {'action': 'download_pdf', 'status': 100, 'msg': 'success', 'file': '/sites/narporul/evidences/certificates/1213.pdf'}
2019-12-13 18:29:20,031 - lleidalogger - INFO:77 - pdf downloaded
2019-12-13 18:29:20,031 - lleidalogger - INFO:77 - pdf downloaded
2019-12-13 18:29:20,101 - lleidalogger - INFO:80 - updated event record table with is_cert_processed as completed
2019-12-13 18:29:20,101 - lleidalogger - INFO:80 - updated event record table with is_cert_processed as completed
2019-12-13 18:29:20,101 - lleidalogger - INFO:69 - Mail_id 29337903 is processing
2019-12-13 18:29:20,101 - lleidalogger - INFO:69 - Mail_id 29337903 is processing
2019-12-13 18:29:20,110 - urllib3.connectionpool - DEBUG:824 - Starting new HTTPS connection (1): tsa.lleida.net
2019-12-13 18:29:21,919 - urllib3.connectionpool - DEBUG:396 - https://tsa.lleida.net:443 "POST /cgi-bin/mailcertapi.cgi HTTP/1.1" 200 656
2019-12-13 18:29:21,924 - lleidalogger - INFO:74 - file id 19222283 is found
2019-12-13 18:29:21,924 - lleidalogger - INFO:74 - file id 19222283 is found
2019-12-13 18:29:21,928 - urllib3.connectionpool - DEBUG:824 - Starting new HTTPS connection (1): tsa.lleida.net
2019-12-13 18:29:24,065 - urllib3.connectionpool - DEBUG:396 - https://tsa.lleida.net:443 "POST /cgi-bin/mailcertapi.cgi HTTP/1.1" 200 None
2019-12-13 18:29:27,479 - lleidalogger - INFO:76 - {'action': 'download_pdf', 'status': 100, 'msg': 'success', 'file': '/sites/narporul/evidences/certificates/1214.pdf'}
2019-12-13 18:29:27,479 - lleidalogger - INFO:76 - {'action': 'download_pdf', 'status': 100, 'msg': 'success', 'file': '/sites/narporul/evidences/certificates/1214.pdf'}
2019-12-13 18:29:27,479 - lleidalogger - INFO:77 - pdf downloaded
2019-12-13 18:29:27,479 - lleidalogger - INFO:77 - pdf downloaded
2019-12-13 18:29:27,544 - lleidalogger - INFO:80 - updated event record table with is_cert_processed as completed
2019-12-13 18:29:27,544 - lleidalogger - INFO:80 - updated event record table with is_cert_processed as completed
2019-12-13 18:29:27,545 - lleidalogger - INFO:69 - Mail_id 29442516 is processing
2019-12-13 18:29:27,545 - lleidalogger - INFO:69 - Mail_id 29442516 is processing
2019-12-13 18:29:27,554 - urllib3.connectionpool - DEBUG:824 - Starting new HTTPS connection (1): tsa.lleida.net
2019-12-13 18:29:29,177 - urllib3.connectionpool - DEBUG:396 - https://tsa.lleida.net:443 "POST /cgi-bin/mailcertapi.cgi HTTP/1.1" 200 677
2019-12-13 18:29:29,179 - lleidalogger - INFO:74 - file id 19296579 is found
2019-12-13 18:29:29,179 - lleidalogger - INFO:74 - file id 19296579 is found
2019-12-13 18:29:29,182 - urllib3.connectionpool - DEBUG:824 - Starting new HTTPS connection (1): tsa.lleida.net
2019-12-13 18:29:30,641 - urllib3.connectionpool - DEBUG:396 - https://tsa.lleida.net:443 "POST /cgi-bin/mailcertapi.cgi HTTP/1.1" 200 None
2019-12-13 18:29:33,532 - lleidalogger - INFO:76 - {'action': 'download_pdf', 'status': 100, 'msg': 'success', 'file': '/sites/narporul/evidences/certificates/1216.pdf'}
2019-12-13 18:29:33,532 - lleidalogger - INFO:76 - {'action': 'download_pdf', 'status': 100, 'msg': 'success', 'file': '/sites/narporul/evidences/certificates/1216.pdf'}
2019-12-13 18:29:33,532 - lleidalogger - INFO:77 - pdf downloaded
2019-12-13 18:29:33,532 - lleidalogger - INFO:77 - pdf downloaded
2019-12-13 18:29:33,561 - lleidalogger - INFO:80 - updated event record table with is_cert_processed as completed
2019-12-13 18:29:33,561 - lleidalogger - INFO:80 - updated event record table with is_cert_processed as completed
2019-12-13 18:29:33,561 - lleidalogger - INFO:69 - Mail_id 29445255 is processing
2019-12-13 18:29:33,561 - lleidalogger - INFO:69 - Mail_id 29445255 is processing
2019-12-13 18:29:33,570 - urllib3.connectionpool - DEBUG:824 - Starting new HTTPS connection (1): tsa.lleida.net
2019-12-13 18:29:35,199 - urllib3.connectionpool - DEBUG:396 - https://tsa.lleida.net:443 "POST /cgi-bin/mailcertapi.cgi HTTP/1.1" 200 674
2019-12-13 18:29:35,204 - lleidalogger - INFO:74 - file id 19300109 is found
2019-12-13 18:29:35,204 - lleidalogger - INFO:74 - file id 19300109 is found
2019-12-13 18:29:35,207 - urllib3.connectionpool - DEBUG:824 - Starting new HTTPS connection (1): tsa.lleida.net
2019-12-13 18:29:37,035 - urllib3.connectionpool - DEBUG:396 - https://tsa.lleida.net:443 "POST /cgi-bin/mailcertapi.cgi HTTP/1.1" 200 None
2019-12-13 18:29:39,840 - lleidalogger - INFO:76 - {'action': 'download_pdf', 'status': 100, 'msg': 'success', 'file': '/sites/narporul/evidences/certificates/1217.pdf'}
2019-12-13 18:29:39,840 - lleidalogger - INFO:76 - {'action': 'download_pdf', 'status': 100, 'msg': 'success', 'file': '/sites/narporul/evidences/certificates/1217.pdf'}
2019-12-13 18:29:39,840 - lleidalogger - INFO:77 - pdf downloaded
2019-12-13 18:29:39,840 - lleidalogger - INFO:77 - pdf downloaded
2019-12-13 18:29:39,908 - lleidalogger - INFO:80 - updated event record table with is_cert_processed as completed
2019-12-13 18:29:39,908 - lleidalogger - INFO:80 - updated event record table with is_cert_processed as completed
2019-12-13 18:29:39,908 - lleidalogger - INFO:69 - Mail_id 29455844 is processing
2019-12-13 18:29:39,908 - lleidalogger - INFO:69 - Mail_id 29455844 is processing
2019-12-13 18:29:39,918 - urllib3.connectionpool - DEBUG:824 - Starting new HTTPS connection (1): tsa.lleida.net
2019-12-13 18:29:41,553 - urllib3.connectionpool - DEBUG:396 - https://tsa.lleida.net:443 "POST /cgi-bin/mailcertapi.cgi HTTP/1.1" 200 666
2019-12-13 18:29:41,557 - lleidalogger - INFO:74 - file id 19308648 is found
2019-12-13 18:29:41,557 - lleidalogger - INFO:74 - file id 19308648 is found
2019-12-13 18:29:41,560 - urllib3.connectionpool - DEBUG:824 - Starting new HTTPS connection (1): tsa.lleida.net
2019-12-13 18:29:44,096 - urllib3.connectionpool - DEBUG:396 - https://tsa.lleida.net:443 "POST /cgi-bin/mailcertapi.cgi HTTP/1.1" 200 None
2019-12-13 18:29:46,623 - lleidalogger - INFO:76 - {'action': 'download_pdf', 'status': 100, 'msg': 'success', 'file': '/sites/narporul/evidences/certificates/1218.pdf'}
2019-12-13 18:29:46,623 - lleidalogger - INFO:76 - {'action': 'download_pdf', 'status': 100, 'msg': 'success', 'file': '/sites/narporul/evidences/certificates/1218.pdf'}
2019-12-13 18:29:46,623 - lleidalogger - INFO:77 - pdf downloaded
2019-12-13 18:29:46,623 - lleidalogger - INFO:77 - pdf downloaded
2019-12-13 18:29:46,695 - lleidalogger - INFO:80 - updated event record table with is_cert_processed as completed
2019-12-13 18:29:46,695 - lleidalogger - INFO:80 - updated event record table with is_cert_processed as completed
2019-12-13 18:29:46,695 - lleidalogger - INFO:69 - Mail_id 29582326 is processing
2019-12-13 18:29:46,695 - lleidalogger - INFO:69 - Mail_id 29582326 is processing
2019-12-13 18:29:46,704 - urllib3.connectionpool - DEBUG:824 - Starting new HTTPS connection (1): tsa.lleida.net
2019-12-13 18:29:48,880 - urllib3.connectionpool - DEBUG:396 - https://tsa.lleida.net:443 "POST /cgi-bin/mailcertapi.cgi HTTP/1.1" 200 668
2019-12-13 18:29:48,885 - lleidalogger - INFO:74 - file id 19397879 is found
2019-12-13 18:29:48,885 - lleidalogger - INFO:74 - file id 19397879 is found
2019-12-13 18:29:48,888 - urllib3.connectionpool - DEBUG:824 - Starting new HTTPS connection (1): tsa.lleida.net
2019-12-13 18:29:50,914 - urllib3.connectionpool - DEBUG:396 - https://tsa.lleida.net:443 "POST /cgi-bin/mailcertapi.cgi HTTP/1.1" 200 None
2019-12-13 18:30:14,656 - lleidalogger - INFO:76 - {'action': 'download_pdf', 'status': 100, 'msg': 'success', 'file': '/sites/narporul/evidences/certificates/1218.pdf'}
2019-12-13 18:30:14,656 - lleidalogger - INFO:76 - {'action': 'download_pdf', 'status': 100, 'msg': 'success', 'file': '/sites/narporul/evidences/certificates/1218.pdf'}
2019-12-13 18:30:14,657 - lleidalogger - INFO:77 - pdf downloaded
2019-12-13 18:30:14,657 - lleidalogger - INFO:77 - pdf downloaded
2019-12-13 18:30:14,733 - lleidalogger - INFO:80 - updated event record table with is_cert_processed as completed
2019-12-13 18:30:14,733 - lleidalogger - INFO:80 - updated event record table with is_cert_processed as completed
2019-12-13 18:30:14,733 - lleidalogger - INFO:69 - Mail_id 29583760 is processing
2019-12-13 18:30:14,733 - lleidalogger - INFO:69 - Mail_id 29583760 is processing
2019-12-13 18:30:14,742 - urllib3.connectionpool - DEBUG:824 - Starting new HTTPS connection (1): tsa.lleida.net
2019-12-13 18:30:22,070 - urllib3.connectionpool - DEBUG:396 - https://tsa.lleida.net:443 "POST /cgi-bin/mailcertapi.cgi HTTP/1.1" 200 649
2019-12-13 18:30:22,077 - lleidalogger - INFO:74 - file id 19399226 is found
2019-12-13 18:30:22,077 - lleidalogger - INFO:74 - file id 19399226 is found
2019-12-13 18:30:22,080 - urllib3.connectionpool - DEBUG:824 - Starting new HTTPS connection (1): tsa.lleida.net
2019-12-13 18:30:24,078 - urllib3.connectionpool - DEBUG:396 - https://tsa.lleida.net:443 "POST /cgi-bin/mailcertapi.cgi HTTP/1.1" 200 None
2019-12-13 18:30:39,633 - lleidalogger - INFO:76 - {'action': 'download_pdf', 'status': 100, 'msg': 'success', 'file': '/sites/narporul/evidences/certificates/1212.pdf'}
2019-12-13 18:30:39,633 - lleidalogger - INFO:76 - {'action': 'download_pdf', 'status': 100, 'msg': 'success', 'file': '/sites/narporul/evidences/certificates/1212.pdf'}
2019-12-13 18:30:39,634 - lleidalogger - INFO:77 - pdf downloaded
2019-12-13 18:30:39,634 - lleidalogger - INFO:77 - pdf downloaded
2019-12-13 18:30:39,680 - lleidalogger - INFO:80 - updated event record table with is_cert_processed as completed
2019-12-13 18:30:39,680 - lleidalogger - INFO:80 - updated event record table with is_cert_processed as completed
2019-12-13 18:30:39,681 - lleidalogger - INFO:69 - Mail_id 29632309 is processing
2019-12-13 18:30:39,681 - lleidalogger - INFO:69 - Mail_id 29632309 is processing
2019-12-13 18:30:39,690 - urllib3.connectionpool - DEBUG:824 - Starting new HTTPS connection (1): tsa.lleida.net
2019-12-13 18:30:46,953 - urllib3.connectionpool - DEBUG:396 - https://tsa.lleida.net:443 "POST /cgi-bin/mailcertapi.cgi HTTP/1.1" 200 668
2019-12-13 18:30:46,956 - lleidalogger - INFO:74 - file id 19436115 is found
2019-12-13 18:30:46,956 - lleidalogger - INFO:74 - file id 19436115 is found
2019-12-13 18:30:46,960 - urllib3.connectionpool - DEBUG:824 - Starting new HTTPS connection (1): tsa.lleida.net
2019-12-13 18:31:06,536 - urllib3.connectionpool - DEBUG:396 - https://tsa.lleida.net:443 "POST /cgi-bin/mailcertapi.cgi HTTP/1.1" 200 None
2019-12-13 18:31:12,308 - lleidalogger - INFO:76 - {'action': 'download_pdf', 'status': 100, 'msg': 'success', 'file': '/sites/narporul/evidences/certificates/1220.pdf'}
2019-12-13 18:31:12,308 - lleidalogger - INFO:76 - {'action': 'download_pdf', 'status': 100, 'msg': 'success', 'file': '/sites/narporul/evidences/certificates/1220.pdf'}
2019-12-13 18:31:12,308 - lleidalogger - INFO:77 - pdf downloaded
2019-12-13 18:31:12,308 - lleidalogger - INFO:77 - pdf downloaded
2019-12-13 18:31:12,378 - lleidalogger - INFO:80 - updated event record table with is_cert_processed as completed
2019-12-13 18:31:12,378 - lleidalogger - INFO:80 - updated event record table with is_cert_processed as completed
2019-12-13 18:31:12,378 - lleidalogger - INFO:69 - Mail_id 29782786 is processing
2019-12-13 18:31:12,378 - lleidalogger - INFO:69 - Mail_id 29782786 is processing
2019-12-13 18:31:12,387 - urllib3.connectionpool - DEBUG:824 - Starting new HTTPS connection (1): tsa.lleida.net
2019-12-13 18:31:13,790 - urllib3.connectionpool - DEBUG:396 - https://tsa.lleida.net:443 "POST /cgi-bin/mailcertapi.cgi HTTP/1.1" 200 651
2019-12-13 18:31:13,794 - lleidalogger - INFO:74 - file id 19531998 is found
2019-12-13 18:31:13,794 - lleidalogger - INFO:74 - file id 19531998 is found
2019-12-13 18:31:13,798 - urllib3.connectionpool - DEBUG:824 - Starting new HTTPS connection (1): tsa.lleida.net
2019-12-13 18:31:15,704 - urllib3.connectionpool - DEBUG:396 - https://tsa.lleida.net:443 "POST /cgi-bin/mailcertapi.cgi HTTP/1.1" 200 None
2019-12-13 18:31:18,846 - lleidalogger - INFO:76 - {'action': 'download_pdf', 'status': 100, 'msg': 'success', 'file': '/sites/narporul/evidences/certificates/1220.pdf'}
2019-12-13 18:31:18,846 - lleidalogger - INFO:76 - {'action': 'download_pdf', 'status': 100, 'msg': 'success', 'file': '/sites/narporul/evidences/certificates/1220.pdf'}
2019-12-13 18:31:18,847 - lleidalogger - INFO:77 - pdf downloaded
2019-12-13 18:31:18,847 - lleidalogger - INFO:77 - pdf downloaded
2019-12-13 18:31:18,924 - lleidalogger - INFO:80 - updated event record table with is_cert_processed as completed
2019-12-13 18:31:18,924 - lleidalogger - INFO:80 - updated event record table with is_cert_processed as completed
2019-12-13 18:31:18,924 - lleidalogger - INFO:69 - Mail_id 29782968 is processing
2019-12-13 18:31:18,924 - lleidalogger - INFO:69 - Mail_id 29782968 is processing
2019-12-13 18:31:18,933 - urllib3.connectionpool - DEBUG:824 - Starting new HTTPS connection (1): tsa.lleida.net
2019-12-13 18:31:20,431 - urllib3.connectionpool - DEBUG:396 - https://tsa.lleida.net:443 "POST /cgi-bin/mailcertapi.cgi HTTP/1.1" 200 651
2019-12-13 18:31:20,435 - lleidalogger - INFO:74 - file id 19533092 is found
2019-12-13 18:31:20,435 - lleidalogger - INFO:74 - file id 19533092 is found
2019-12-13 18:31:20,438 - urllib3.connectionpool - DEBUG:824 - Starting new HTTPS connection (1): tsa.lleida.net
2019-12-13 18:31:22,073 - urllib3.connectionpool - DEBUG:396 - https://tsa.lleida.net:443 "POST /cgi-bin/mailcertapi.cgi HTTP/1.1" 200 None
2019-12-13 18:31:25,147 - lleidalogger - INFO:76 - {'action': 'download_pdf', 'status': 100, 'msg': 'success', 'file': '/sites/narporul/evidences/certificates/1220.pdf'}
2019-12-13 18:31:25,147 - lleidalogger - INFO:76 - {'action': 'download_pdf', 'status': 100, 'msg': 'success', 'file': '/sites/narporul/evidences/certificates/1220.pdf'}
2019-12-13 18:31:25,148 - lleidalogger - INFO:77 - pdf downloaded
2019-12-13 18:31:25,148 - lleidalogger - INFO:77 - pdf downloaded
2019-12-13 18:31:25,230 - lleidalogger - INFO:80 - updated event record table with is_cert_processed as completed
2019-12-13 18:31:25,230 - lleidalogger - INFO:80 - updated event record table with is_cert_processed as completed
2019-12-13 18:31:25,230 - lleidalogger - INFO:69 - Mail_id 29782988 is processing
2019-12-13 18:31:25,230 - lleidalogger - INFO:69 - Mail_id 29782988 is processing
2019-12-13 18:31:25,239 - urllib3.connectionpool - DEBUG:824 - Starting new HTTPS connection (1): tsa.lleida.net
2019-12-13 18:31:27,120 - urllib3.connectionpool - DEBUG:396 - https://tsa.lleida.net:443 "POST /cgi-bin/mailcertapi.cgi HTTP/1.1" 200 671
2019-12-13 18:31:27,124 - lleidalogger - INFO:74 - file id 19533348 is found
2019-12-13 18:31:27,124 - lleidalogger - INFO:74 - file id 19533348 is found
2019-12-13 18:31:27,127 - urllib3.connectionpool - DEBUG:824 - Starting new HTTPS connection (1): tsa.lleida.net
2019-12-13 18:31:29,085 - urllib3.connectionpool - DEBUG:396 - https://tsa.lleida.net:443 "POST /cgi-bin/mailcertapi.cgi HTTP/1.1" 200 None
2019-12-13 18:31:32,181 - lleidalogger - INFO:76 - {'action': 'download_pdf', 'status': 100, 'msg': 'success', 'file': '/sites/narporul/evidences/certificates/1218.pdf'}
2019-12-13 18:31:32,181 - lleidalogger - INFO:76 - {'action': 'download_pdf', 'status': 100, 'msg': 'success', 'file': '/sites/narporul/evidences/certificates/1218.pdf'}
2019-12-13 18:31:32,181 - lleidalogger - INFO:77 - pdf downloaded
2019-12-13 18:31:32,181 - lleidalogger - INFO:77 - pdf downloaded
2019-12-13 18:31:32,258 - lleidalogger - INFO:80 - updated event record table with is_cert_processed as completed
2019-12-13 18:31:32,258 - lleidalogger - INFO:80 - updated event record table with is_cert_processed as completed
2019-12-13 18:31:32,258 - lleidalogger - INFO:69 - Mail_id 29783054 is processing
2019-12-13 18:31:32,258 - lleidalogger - INFO:69 - Mail_id 29783054 is processing
2019-12-13 18:31:32,268 - urllib3.connectionpool - DEBUG:824 - Starting new HTTPS connection (1): tsa.lleida.net
2019-12-13 18:31:33,874 - urllib3.connectionpool - DEBUG:396 - https://tsa.lleida.net:443 "POST /cgi-bin/mailcertapi.cgi HTTP/1.1" 200 651
2019-12-13 18:31:33,879 - lleidalogger - INFO:74 - file id 19533656 is found
2019-12-13 18:31:33,879 - lleidalogger - INFO:74 - file id 19533656 is found
2019-12-13 18:31:33,882 - urllib3.connectionpool - DEBUG:824 - Starting new HTTPS connection (1): tsa.lleida.net
2019-12-13 18:31:35,894 - urllib3.connectionpool - DEBUG:396 - https://tsa.lleida.net:443 "POST /cgi-bin/mailcertapi.cgi HTTP/1.1" 200 None
2019-12-13 18:31:39,069 - lleidalogger - INFO:76 - {'action': 'download_pdf', 'status': 100, 'msg': 'success', 'file': '/sites/narporul/evidences/certificates/1208.pdf'}
2019-12-13 18:31:39,069 - lleidalogger - INFO:76 - {'action': 'download_pdf', 'status': 100, 'msg': 'success', 'file': '/sites/narporul/evidences/certificates/1208.pdf'}
2019-12-13 18:31:39,069 - lleidalogger - INFO:77 - pdf downloaded
2019-12-13 18:31:39,069 - lleidalogger - INFO:77 - pdf downloaded
2019-12-13 18:31:39,137 - lleidalogger - INFO:80 - updated event record table with is_cert_processed as completed
2019-12-13 18:31:39,137 - lleidalogger - INFO:80 - updated event record table with is_cert_processed as completed
2019-12-13 18:31:39,137 - lleidalogger - INFO:81 - tbl_cert_generate completed
2019-12-13 18:31:39,137 - lleidalogger - INFO:81 - tbl_cert_generate completed
2019-12-13 18:31:39,137 - lleidalogger - INFO:85 - doc_addendum_generate started
2019-12-13 18:31:39,137 - lleidalogger - INFO:85 - doc_addendum_generate started
2019-12-13 18:31:39,139 - lleidalogger - INFO:90 - filter of table query only non addendum generated record done
2019-12-13 18:31:39,139 - lleidalogger - INFO:90 - filter of table query only non addendum generated record done
2019-12-13 18:31:39,139 - lleidalogger - INFO:93 - Mail_id 29040513 is processing
2019-12-13 18:31:39,139 - lleidalogger - INFO:93 - Mail_id 29040513 is processing
2019-12-13 18:31:39,147 - urllib3.connectionpool - DEBUG:824 - Starting new HTTPS connection (1): tsa.lleida.net
2019-12-13 18:31:40,955 - urllib3.connectionpool - DEBUG:396 - https://tsa.lleida.net:443 "POST /cgi-bin/mailcertapi.cgi HTTP/1.1" 200 627
2019-12-13 18:31:40,960 - lleidalogger - INFO:98 - add id 18993725 is found
2019-12-13 18:31:40,960 - lleidalogger - INFO:98 - add id 18993725 is found
2019-12-13 18:31:40,963 - urllib3.connectionpool - DEBUG:824 - Starting new HTTPS connection (1): tsa.lleida.net
2019-12-13 18:31:42,914 - urllib3.connectionpool - DEBUG:396 - https://tsa.lleida.net:443 "POST /cgi-bin/mailcertapi.cgi HTTP/1.1" 200 None
2019-12-13 18:31:44,062 - lleidalogger - INFO:100 - {'action': 'download_pdf', 'status': 100, 'msg': 'success', 'file': '/sites/narporul/evidences/addendum/.pdf'}
2019-12-13 18:31:44,062 - lleidalogger - INFO:100 - {'action': 'download_pdf', 'status': 100, 'msg': 'success', 'file': '/sites/narporul/evidences/addendum/.pdf'}
2019-12-13 18:31:44,062 - lleidalogger - INFO:101 - pdf downloaded
2019-12-13 18:31:44,062 - lleidalogger - INFO:101 - pdf downloaded
2019-12-13 18:31:44,138 - lleidalogger - INFO:104 - updated event record table with is_addendum_processed as completed
2019-12-13 18:31:44,138 - lleidalogger - INFO:104 - updated event record table with is_addendum_processed as completed
2019-12-13 18:31:44,139 - lleidalogger - INFO:93 - Mail_id 29242176 is processing
2019-12-13 18:31:44,139 - lleidalogger - INFO:93 - Mail_id 29242176 is processing
2019-12-13 18:31:44,149 - urllib3.connectionpool - DEBUG:824 - Starting new HTTPS connection (1): tsa.lleida.net
2019-12-13 18:31:45,677 - urllib3.connectionpool - DEBUG:396 - https://tsa.lleida.net:443 "POST /cgi-bin/mailcertapi.cgi HTTP/1.1" 200 670
2019-12-13 18:31:45,681 - lleidalogger - INFO:98 - add id 19146573 is found
2019-12-13 18:31:45,681 - lleidalogger - INFO:98 - add id 19146573 is found
2019-12-13 18:31:45,684 - urllib3.connectionpool - DEBUG:824 - Starting new HTTPS connection (1): tsa.lleida.net
2019-12-13 18:31:48,479 - urllib3.connectionpool - DEBUG:396 - https://tsa.lleida.net:443 "POST /cgi-bin/mailcertapi.cgi HTTP/1.1" 200 None
2019-12-13 18:31:49,828 - lleidalogger - INFO:100 - {'action': 'download_pdf', 'status': 100, 'msg': 'success', 'file': '/sites/narporul/evidences/addendum/1212.pdf'}
2019-12-13 18:31:49,828 - lleidalogger - INFO:100 - {'action': 'download_pdf', 'status': 100, 'msg': 'success', 'file': '/sites/narporul/evidences/addendum/1212.pdf'}
2019-12-13 18:31:49,828 - lleidalogger - INFO:101 - pdf downloaded
2019-12-13 18:31:49,828 - lleidalogger - INFO:101 - pdf downloaded
2019-12-13 18:31:49,896 - lleidalogger - INFO:104 - updated event record table with is_addendum_processed as completed
2019-12-13 18:31:49,896 - lleidalogger - INFO:104 - updated event record table with is_addendum_processed as completed
2019-12-13 18:31:49,896 - lleidalogger - INFO:93 - Mail_id 29243658 is processing
2019-12-13 18:31:49,896 - lleidalogger - INFO:93 - Mail_id 29243658 is processing
2019-12-13 18:31:49,904 - urllib3.connectionpool - DEBUG:824 - Starting new HTTPS connection (1): tsa.lleida.net
2019-12-13 18:31:51,441 - urllib3.connectionpool - DEBUG:396 - https://tsa.lleida.net:443 "POST /cgi-bin/mailcertapi.cgi HTTP/1.1" 200 650
2019-12-13 18:31:51,443 - lleidalogger - INFO:93 - Mail_id 29243659 is processing
2019-12-13 18:31:51,443 - lleidalogger - INFO:93 - Mail_id 29243659 is processing
2019-12-13 18:31:51,452 - urllib3.connectionpool - DEBUG:824 - Starting new HTTPS connection (1): tsa.lleida.net
2019-12-13 18:31:53,039 - urllib3.connectionpool - DEBUG:396 - https://tsa.lleida.net:443 "POST /cgi-bin/mailcertapi.cgi HTTP/1.1" 200 687
2019-12-13 18:31:53,043 - lleidalogger - INFO:98 - add id 19164104 is found
2019-12-13 18:31:53,043 - lleidalogger - INFO:98 - add id 19164104 is found
2019-12-13 18:31:53,046 - urllib3.connectionpool - DEBUG:824 - Starting new HTTPS connection (1): tsa.lleida.net
2019-12-13 18:31:54,424 - urllib3.connectionpool - DEBUG:396 - https://tsa.lleida.net:443 "POST /cgi-bin/mailcertapi.cgi HTTP/1.1" 200 None
2019-12-13 18:31:55,486 - lleidalogger - INFO:100 - {'action': 'download_pdf', 'status': 100, 'msg': 'success', 'file': '/sites/narporul/evidences/addendum/1212.pdf'}
2019-12-13 18:31:55,486 - lleidalogger - INFO:100 - {'action': 'download_pdf', 'status': 100, 'msg': 'success', 'file': '/sites/narporul/evidences/addendum/1212.pdf'}
2019-12-13 18:31:55,486 - lleidalogger - INFO:101 - pdf downloaded
2019-12-13 18:31:55,486 - lleidalogger - INFO:101 - pdf downloaded
2019-12-13 18:31:55,561 - lleidalogger - INFO:104 - updated event record table with is_addendum_processed as completed
2019-12-13 18:31:55,561 - lleidalogger - INFO:104 - updated event record table with is_addendum_processed as completed
2019-12-13 18:31:55,562 - lleidalogger - INFO:93 - Mail_id 29265105 is processing
2019-12-13 18:31:55,562 - lleidalogger - INFO:93 - Mail_id 29265105 is processing
2019-12-13 18:31:55,570 - urllib3.connectionpool - DEBUG:824 - Starting new HTTPS connection (1): tsa.lleida.net
2019-12-13 18:31:57,199 - urllib3.connectionpool - DEBUG:396 - https://tsa.lleida.net:443 "POST /cgi-bin/mailcertapi.cgi HTTP/1.1" 200 671
2019-12-13 18:31:57,201 - lleidalogger - INFO:98 - add id 19167458 is found
2019-12-13 18:31:57,201 - lleidalogger - INFO:98 - add id 19167458 is found
2019-12-13 18:31:57,204 - urllib3.connectionpool - DEBUG:824 - Starting new HTTPS connection (1): tsa.lleida.net
2019-12-13 18:31:58,585 - urllib3.connectionpool - DEBUG:396 - https://tsa.lleida.net:443 "POST /cgi-bin/mailcertapi.cgi HTTP/1.1" 200 None
2019-12-13 18:31:59,586 - lleidalogger - INFO:100 - {'action': 'download_pdf', 'status': 100, 'msg': 'success', 'file': '/sites/narporul/evidences/addendum/1212.pdf'}
2019-12-13 18:31:59,586 - lleidalogger - INFO:100 - {'action': 'download_pdf', 'status': 100, 'msg': 'success', 'file': '/sites/narporul/evidences/addendum/1212.pdf'}
2019-12-13 18:31:59,586 - lleidalogger - INFO:101 - pdf downloaded
2019-12-13 18:31:59,586 - lleidalogger - INFO:101 - pdf downloaded
2019-12-13 18:31:59,666 - lleidalogger - INFO:104 - updated event record table with is_addendum_processed as completed
2019-12-13 18:31:59,666 - lleidalogger - INFO:104 - updated event record table with is_addendum_processed as completed
2019-12-13 18:31:59,666 - lleidalogger - INFO:93 - Mail_id 29270564 is processing
2019-12-13 18:31:59,666 - lleidalogger - INFO:93 - Mail_id 29270564 is processing
2019-12-13 18:31:59,675 - urllib3.connectionpool - DEBUG:824 - Starting new HTTPS connection (1): tsa.lleida.net
2019-12-13 18:32:01,473 - urllib3.connectionpool - DEBUG:396 - https://tsa.lleida.net:443 "POST /cgi-bin/mailcertapi.cgi HTTP/1.1" 200 671
2019-12-13 18:32:01,476 - lleidalogger - INFO:98 - add id 19170210 is found
2019-12-13 18:32:01,476 - lleidalogger - INFO:98 - add id 19170210 is found
2019-12-13 18:32:01,478 - urllib3.connectionpool - DEBUG:824 - Starting new HTTPS connection (1): tsa.lleida.net
2019-12-13 18:32:03,295 - urllib3.connectionpool - DEBUG:396 - https://tsa.lleida.net:443 "POST /cgi-bin/mailcertapi.cgi HTTP/1.1" 200 None
2019-12-13 18:32:04,667 - lleidalogger - INFO:100 - {'action': 'download_pdf', 'status': 100, 'msg': 'success', 'file': '/sites/narporul/evidences/addendum/1213.pdf'}
2019-12-13 18:32:04,667 - lleidalogger - INFO:100 - {'action': 'download_pdf', 'status': 100, 'msg': 'success', 'file': '/sites/narporul/evidences/addendum/1213.pdf'}
2019-12-13 18:32:04,667 - lleidalogger - INFO:101 - pdf downloaded
2019-12-13 18:32:04,667 - lleidalogger - INFO:101 - pdf downloaded
2019-12-13 18:32:04,742 - lleidalogger - INFO:104 - updated event record table with is_addendum_processed as completed
2019-12-13 18:32:04,742 - lleidalogger - INFO:104 - updated event record table with is_addendum_processed as completed
2019-12-13 18:32:04,742 - lleidalogger - INFO:93 - Mail_id 29337903 is processing
2019-12-13 18:32:04,742 - lleidalogger - INFO:93 - Mail_id 29337903 is processing
2019-12-13 18:32:04,752 - urllib3.connectionpool - DEBUG:824 - Starting new HTTPS connection (1): tsa.lleida.net
2019-12-13 18:32:06,158 - urllib3.connectionpool - DEBUG:396 - https://tsa.lleida.net:443 "POST /cgi-bin/mailcertapi.cgi HTTP/1.1" 200 656
2019-12-13 18:32:06,160 - lleidalogger - INFO:93 - Mail_id 29442516 is processing
2019-12-13 18:32:06,160 - lleidalogger - INFO:93 - Mail_id 29442516 is processing
2019-12-13 18:32:06,171 - urllib3.connectionpool - DEBUG:824 - Starting new HTTPS connection (1): tsa.lleida.net
2019-12-13 18:32:08,091 - urllib3.connectionpool - DEBUG:396 - https://tsa.lleida.net:443 "POST /cgi-bin/mailcertapi.cgi HTTP/1.1" 200 677
2019-12-13 18:32:08,094 - lleidalogger - INFO:98 - add id 19377614 is found
2019-12-13 18:32:08,094 - lleidalogger - INFO:98 - add id 19377614 is found
2019-12-13 18:32:08,097 - urllib3.connectionpool - DEBUG:824 - Starting new HTTPS connection (1): tsa.lleida.net
2019-12-13 18:32:09,721 - urllib3.connectionpool - DEBUG:396 - https://tsa.lleida.net:443 "POST /cgi-bin/mailcertapi.cgi HTTP/1.1" 200 None
2019-12-13 18:32:10,746 - lleidalogger - INFO:100 - {'action': 'download_pdf', 'status': 100, 'msg': 'success', 'file': '/sites/narporul/evidences/addendum/1216.pdf'}
2019-12-13 18:32:10,746 - lleidalogger - INFO:100 - {'action': 'download_pdf', 'status': 100, 'msg': 'success', 'file': '/sites/narporul/evidences/addendum/1216.pdf'}
2019-12-13 18:32:10,746 - lleidalogger - INFO:101 - pdf downloaded
2019-12-13 18:32:10,746 - lleidalogger - INFO:101 - pdf downloaded
2019-12-13 18:32:10,815 - lleidalogger - INFO:104 - updated event record table with is_addendum_processed as completed
2019-12-13 18:32:10,815 - lleidalogger - INFO:104 - updated event record table with is_addendum_processed as completed
2019-12-13 18:32:10,815 - lleidalogger - INFO:93 - Mail_id 29445255 is processing
2019-12-13 18:32:10,815 - lleidalogger - INFO:93 - Mail_id 29445255 is processing
2019-12-13 18:32:10,826 - urllib3.connectionpool - DEBUG:824 - Starting new HTTPS connection (1): tsa.lleida.net
2019-12-13 18:32:11,918 - urllib3.connectionpool - DEBUG:396 - https://tsa.lleida.net:443 "POST /cgi-bin/mailcertapi.cgi HTTP/1.1" 200 674
2019-12-13 18:32:11,923 - lleidalogger - INFO:98 - add id 19300136 is found
2019-12-13 18:32:11,923 - lleidalogger - INFO:98 - add id 19300136 is found
2019-12-13 18:32:11,927 - urllib3.connectionpool - DEBUG:824 - Starting new HTTPS connection (1): tsa.lleida.net
2019-12-13 18:32:13,701 - urllib3.connectionpool - DEBUG:396 - https://tsa.lleida.net:443 "POST /cgi-bin/mailcertapi.cgi HTTP/1.1" 200 None
2019-12-13 18:32:22,142 - lleidalogger - INFO:100 - {'action': 'download_pdf', 'status': 100, 'msg': 'success', 'file': '/sites/narporul/evidences/addendum/1217.pdf'}
2019-12-13 18:32:22,142 - lleidalogger - INFO:100 - {'action': 'download_pdf', 'status': 100, 'msg': 'success', 'file': '/sites/narporul/evidences/addendum/1217.pdf'}
2019-12-13 18:32:22,142 - lleidalogger - INFO:101 - pdf downloaded
2019-12-13 18:32:22,142 - lleidalogger - INFO:101 - pdf downloaded
2019-12-13 18:32:22,204 - lleidalogger - INFO:104 - updated event record table with is_addendum_processed as completed
2019-12-13 18:32:22,204 - lleidalogger - INFO:104 - updated event record table with is_addendum_processed as completed
2019-12-13 18:32:22,204 - lleidalogger - INFO:93 - Mail_id 29455844 is processing
2019-12-13 18:32:22,204 - lleidalogger - INFO:93 - Mail_id 29455844 is processing
2019-12-13 18:32:22,213 - urllib3.connectionpool - DEBUG:824 - Starting new HTTPS connection (1): tsa.lleida.net
2019-12-13 18:32:25,042 - urllib3.connectionpool - DEBUG:396 - https://tsa.lleida.net:443 "POST /cgi-bin/mailcertapi.cgi HTTP/1.1" 200 666
2019-12-13 18:32:25,046 - lleidalogger - INFO:98 - add id 19309113 is found
2019-12-13 18:32:25,046 - lleidalogger - INFO:98 - add id 19309113 is found
2019-12-13 18:32:25,049 - urllib3.connectionpool - DEBUG:824 - Starting new HTTPS connection (1): tsa.lleida.net
2019-12-13 18:32:26,712 - urllib3.connectionpool - DEBUG:396 - https://tsa.lleida.net:443 "POST /cgi-bin/mailcertapi.cgi HTTP/1.1" 200 None
2019-12-13 18:32:27,819 - lleidalogger - INFO:100 - {'action': 'download_pdf', 'status': 100, 'msg': 'success', 'file': '/sites/narporul/evidences/addendum/1218.pdf'}
2019-12-13 18:32:27,819 - lleidalogger - INFO:100 - {'action': 'download_pdf', 'status': 100, 'msg': 'success', 'file': '/sites/narporul/evidences/addendum/1218.pdf'}
2019-12-13 18:32:27,819 - lleidalogger - INFO:101 - pdf downloaded
2019-12-13 18:32:27,819 - lleidalogger - INFO:101 - pdf downloaded
2019-12-13 18:32:27,887 - lleidalogger - INFO:104 - updated event record table with is_addendum_processed as completed
2019-12-13 18:32:27,887 - lleidalogger - INFO:104 - updated event record table with is_addendum_processed as completed
2019-12-13 18:32:27,887 - lleidalogger - INFO:93 - Mail_id 29582326 is processing
2019-12-13 18:32:27,887 - lleidalogger - INFO:93 - Mail_id 29582326 is processing
2019-12-13 18:32:27,898 - urllib3.connectionpool - DEBUG:824 - Starting new HTTPS connection (1): tsa.lleida.net
2019-12-13 18:32:29,338 - urllib3.connectionpool - DEBUG:396 - https://tsa.lleida.net:443 "POST /cgi-bin/mailcertapi.cgi HTTP/1.1" 200 668
2019-12-13 18:32:29,342 - lleidalogger - INFO:98 - add id 19398825 is found
2019-12-13 18:32:29,342 - lleidalogger - INFO:98 - add id 19398825 is found
2019-12-13 18:32:29,345 - urllib3.connectionpool - DEBUG:824 - Starting new HTTPS connection (1): tsa.lleida.net
2019-12-13 18:32:30,847 - urllib3.connectionpool - DEBUG:396 - https://tsa.lleida.net:443 "POST /cgi-bin/mailcertapi.cgi HTTP/1.1" 200 None
2019-12-13 18:32:32,100 - lleidalogger - INFO:100 - {'action': 'download_pdf', 'status': 100, 'msg': 'success', 'file': '/sites/narporul/evidences/addendum/1218.pdf'}
2019-12-13 18:32:32,100 - lleidalogger - INFO:100 - {'action': 'download_pdf', 'status': 100, 'msg': 'success', 'file': '/sites/narporul/evidences/addendum/1218.pdf'}
2019-12-13 18:32:32,100 - lleidalogger - INFO:101 - pdf downloaded
2019-12-13 18:32:32,100 - lleidalogger - INFO:101 - pdf downloaded
2019-12-13 18:32:32,132 - lleidalogger - INFO:104 - updated event record table with is_addendum_processed as completed
2019-12-13 18:32:32,132 - lleidalogger - INFO:104 - updated event record table with is_addendum_processed as completed
2019-12-13 18:32:32,132 - lleidalogger - INFO:93 - Mail_id 29583760 is processing
2019-12-13 18:32:32,132 - lleidalogger - INFO:93 - Mail_id 29583760 is processing
2019-12-13 18:32:32,141 - urllib3.connectionpool - DEBUG:824 - Starting new HTTPS connection (1): tsa.lleida.net
2019-12-13 18:32:33,999 - urllib3.connectionpool - DEBUG:396 - https://tsa.lleida.net:443 "POST /cgi-bin/mailcertapi.cgi HTTP/1.1" 200 649
2019-12-13 18:32:34,003 - lleidalogger - INFO:93 - Mail_id 29632309 is processing
2019-12-13 18:32:34,003 - lleidalogger - INFO:93 - Mail_id 29632309 is processing
2019-12-13 18:32:34,015 - urllib3.connectionpool - DEBUG:824 - Starting new HTTPS connection (1): tsa.lleida.net
2019-12-13 18:32:35,920 - urllib3.connectionpool - DEBUG:396 - https://tsa.lleida.net:443 "POST /cgi-bin/mailcertapi.cgi HTTP/1.1" 200 668
2019-12-13 18:32:35,925 - lleidalogger - INFO:98 - add id 19436628 is found
2019-12-13 18:32:35,925 - lleidalogger - INFO:98 - add id 19436628 is found
2019-12-13 18:32:35,928 - urllib3.connectionpool - DEBUG:824 - Starting new HTTPS connection (1): tsa.lleida.net
2019-12-13 18:32:37,840 - urllib3.connectionpool - DEBUG:396 - https://tsa.lleida.net:443 "POST /cgi-bin/mailcertapi.cgi HTTP/1.1" 200 None
2019-12-13 18:32:38,901 - lleidalogger - INFO:100 - {'action': 'download_pdf', 'status': 100, 'msg': 'success', 'file': '/sites/narporul/evidences/addendum/1220.pdf'}
2019-12-13 18:32:38,901 - lleidalogger - INFO:100 - {'action': 'download_pdf', 'status': 100, 'msg': 'success', 'file': '/sites/narporul/evidences/addendum/1220.pdf'}
2019-12-13 18:32:38,902 - lleidalogger - INFO:101 - pdf downloaded
2019-12-13 18:32:38,902 - lleidalogger - INFO:101 - pdf downloaded
2019-12-13 18:32:38,936 - lleidalogger - INFO:104 - updated event record table with is_addendum_processed as completed
2019-12-13 18:32:38,936 - lleidalogger - INFO:104 - updated event record table with is_addendum_processed as completed
2019-12-13 18:32:38,936 - lleidalogger - INFO:93 - Mail_id 29782786 is processing
2019-12-13 18:32:38,936 - lleidalogger - INFO:93 - Mail_id 29782786 is processing
2019-12-13 18:32:38,947 - urllib3.connectionpool - DEBUG:824 - Starting new HTTPS connection (1): tsa.lleida.net
2019-12-13 18:32:40,719 - urllib3.connectionpool - DEBUG:396 - https://tsa.lleida.net:443 "POST /cgi-bin/mailcertapi.cgi HTTP/1.1" 200 651
2019-12-13 18:32:40,723 - lleidalogger - INFO:93 - Mail_id 29782968 is processing
2019-12-13 18:32:40,723 - lleidalogger - INFO:93 - Mail_id 29782968 is processing
2019-12-13 18:32:40,732 - urllib3.connectionpool - DEBUG:824 - Starting new HTTPS connection (1): tsa.lleida.net
2019-12-13 18:32:42,640 - urllib3.connectionpool - DEBUG:396 - https://tsa.lleida.net:443 "POST /cgi-bin/mailcertapi.cgi HTTP/1.1" 200 651
2019-12-13 18:32:42,644 - lleidalogger - INFO:93 - Mail_id 29782988 is processing
2019-12-13 18:32:42,644 - lleidalogger - INFO:93 - Mail_id 29782988 is processing
2019-12-13 18:32:42,657 - urllib3.connectionpool - DEBUG:824 - Starting new HTTPS connection (1): tsa.lleida.net
2019-12-13 18:32:44,240 - urllib3.connectionpool - DEBUG:396 - https://tsa.lleida.net:443 "POST /cgi-bin/mailcertapi.cgi HTTP/1.1" 200 671
2019-12-13 18:32:44,244 - lleidalogger - INFO:98 - add id 19540852 is found
2019-12-13 18:32:44,244 - lleidalogger - INFO:98 - add id 19540852 is found
2019-12-13 18:32:44,247 - urllib3.connectionpool - DEBUG:824 - Starting new HTTPS connection (1): tsa.lleida.net
2019-12-13 18:32:46,239 - urllib3.connectionpool - DEBUG:396 - https://tsa.lleida.net:443 "POST /cgi-bin/mailcertapi.cgi HTTP/1.1" 200 None
2019-12-13 18:32:47,327 - lleidalogger - INFO:100 - {'action': 'download_pdf', 'status': 100, 'msg': 'success', 'file': '/sites/narporul/evidences/addendum/1218.pdf'}
2019-12-13 18:32:47,327 - lleidalogger - INFO:100 - {'action': 'download_pdf', 'status': 100, 'msg': 'success', 'file': '/sites/narporul/evidences/addendum/1218.pdf'}
2019-12-13 18:32:47,327 - lleidalogger - INFO:101 - pdf downloaded
2019-12-13 18:32:47,327 - lleidalogger - INFO:101 - pdf downloaded
2019-12-13 18:32:47,402 - lleidalogger - INFO:104 - updated event record table with is_addendum_processed as completed
2019-12-13 18:32:47,402 - lleidalogger - INFO:104 - updated event record table with is_addendum_processed as completed
2019-12-13 18:32:47,402 - lleidalogger - INFO:93 - Mail_id 29783054 is processing
2019-12-13 18:32:47,402 - lleidalogger - INFO:93 - Mail_id 29783054 is processing
2019-12-13 18:32:47,413 - urllib3.connectionpool - DEBUG:824 - Starting new HTTPS connection (1): tsa.lleida.net
2019-12-13 18:32:49,360 - urllib3.connectionpool - DEBUG:396 - https://tsa.lleida.net:443 "POST /cgi-bin/mailcertapi.cgi HTTP/1.1" 200 651
2019-12-13 18:32:49,364 - lleidalogger - INFO:105 - doc_addendum_generate completed
2019-12-13 18:32:49,364 - lleidalogger - INFO:105 - doc_addendum_generate completed
2019-12-13 18:32:49,364 - lleidalogger - INFO:175 - All tasks are Completed
2019-12-13 18:32:49,364 - lleidalogger - INFO:175 - All tasks are Completed
